2018-06-23 10:02:18,879 [main] INFO  c.scrcu.SpringCloudEurekaApplication 593 - No active profile set, falling back to default profiles: default
2018-06-23 10:02:18,958 [main] INFO  o.s.b.c.e.AnnotationConfigEmbeddedWebApplicationContext 583 - Refreshing org.springframework.boot.context.embedded.AnnotationConfigEmbeddedWebApplicationContext@39a8312f: startup date [Sat Jun 23 10:02:18 CST 2018]; parent: org.springframework.context.annotation.AnnotationConfigApplicationContext@470f1802
2018-06-23 10:02:23,571 [main] INFO  o.s.cloud.context.scope.GenericScope 263 - BeanFactory id=57b1b6ce-f670-3d39-8b2e-3d7c351d56fd
2018-06-23 10:02:23,695 [main] INFO  o.s.b.f.a.AutowiredAnnotationBeanPostProcessor 155 - JSR-330 'javax.inject.Inject' annotation found and supported for autowiring
2018-06-23 10:02:25,538 [main] INFO  o.s.c.s.PostProcessorRegistrationDelegate$BeanPostProcessorChecker 327 - Bean 'org.springframework.cloud.netflix.metrics.MetricsInterceptorConfiguration$MetricsRestTemplateConfiguration' of type [org.springframework.cloud.netflix.metrics.MetricsInterceptorConfiguration$MetricsRestTemplateConfiguration$$EnhancerBySpringCGLIB$$3cfe3f4e] is not eligible for getting processed by all BeanPostProcessors (for example: not eligible for auto-proxying)
2018-06-23 10:02:25,576 [main] INFO  o.s.c.s.PostProcessorRegistrationDelegate$BeanPostProcessorChecker 327 - Bean 'org.springframework.cloud.autoconfigure.ConfigurationPropertiesRebinderAutoConfiguration' of type [org.springframework.cloud.autoconfigure.ConfigurationPropertiesRebinderAutoConfiguration$$EnhancerBySpringCGLIB$$26eb9c0a] is not eligible for getting processed by all BeanPostProcessors (for example: not eligible for auto-proxying)
2018-06-23 10:02:27,982 [main] INFO  o.s.b.c.e.t.TomcatEmbeddedServletContainer 89 - Tomcat initialized with port(s): 8080 (http)
2018-06-23 10:02:28,105 [main] INFO  o.a.catalina.core.StandardService 180 - Starting service [Tomcat]
2018-06-23 10:02:28,109 [main] INFO  o.a.catalina.core.StandardEngine 180 - Starting Servlet Engine: Apache Tomcat/8.5.27
2018-06-23 10:02:28,843 [localhost-startStop-1] INFO  o.a.c.c.C.[Tomcat].[localhost].[/] 180 - Initializing Spring embedded WebApplicationContext
2018-06-23 10:02:28,845 [localhost-startStop-1] INFO  o.s.web.context.ContextLoader 276 - Root WebApplicationContext: initialization completed in 9887 ms
2018-06-23 10:02:31,234 [localhost-startStop-1] INFO  o.s.b.w.s.FilterRegistrationBean 258 - Mapping filter: 'metricsFilter' to: [/*]
2018-06-23 10:02:31,236 [localhost-startStop-1] INFO  o.s.b.w.s.FilterRegistrationBean 258 - Mapping filter: 'characterEncodingFilter' to: [/*]
2018-06-23 10:02:31,236 [localhost-startStop-1] INFO  o.s.b.w.s.FilterRegistrationBean 258 - Mapping filter: 'hiddenHttpMethodFilter' to: [/*]
2018-06-23 10:02:31,237 [localhost-startStop-1] INFO  o.s.b.w.s.FilterRegistrationBean 258 - Mapping filter: 'httpPutFormContentFilter' to: [/*]
2018-06-23 10:02:31,237 [localhost-startStop-1] INFO  o.s.b.w.s.FilterRegistrationBean 258 - Mapping filter: 'requestContextFilter' to: [/*]
2018-06-23 10:02:31,251 [localhost-startStop-1] INFO  o.s.b.w.s.DelegatingFilterProxyRegistrationBean 258 - Mapping filter: 'springSecurityFilterChain' to: [/*]
2018-06-23 10:02:31,252 [localhost-startStop-1] INFO  o.s.b.w.s.FilterRegistrationBean 258 - Mapping filter: 'webRequestTraceFilter' to: [/*]
2018-06-23 10:02:31,252 [localhost-startStop-1] INFO  o.s.b.w.s.FilterRegistrationBean 271 - Mapping filter: 'servletContainer' to urls: [/eureka/*]
2018-06-23 10:02:31,253 [localhost-startStop-1] INFO  o.s.b.w.s.FilterRegistrationBean 258 - Mapping filter: 'applicationContextIdFilter' to: [/*]
2018-06-23 10:02:31,254 [localhost-startStop-1] INFO  o.s.b.w.s.ServletRegistrationBean 190 - Mapping servlet: 'dispatcherServlet' to [/]
2018-06-23 10:02:31,711 [localhost-startStop-1] INFO  c.s.j.s.i.a.WebApplicationImpl 815 - Initiating Jersey application, version 'Jersey: 1.19.1 03/11/2016 02:08 PM'
2018-06-23 10:02:31,928 [localhost-startStop-1] INFO  c.n.d.p.DiscoveryJerseyProvider 70 - Using JSON encoding codec LegacyJacksonJson
2018-06-23 10:02:31,931 [localhost-startStop-1] INFO  c.n.d.p.DiscoveryJerseyProvider 71 - Using JSON decoding codec LegacyJacksonJson
2018-06-23 10:02:32,904 [localhost-startStop-1] INFO  c.n.d.p.DiscoveryJerseyProvider 80 - Using XML encoding codec XStreamXml
2018-06-23 10:02:32,905 [localhost-startStop-1] INFO  c.n.d.p.DiscoveryJerseyProvider 81 - Using XML decoding codec XStreamXml
2018-06-23 10:02:37,165 [main] WARN  c.n.c.sources.URLConfigurationSource 121 - No URLs will be polled as dynamic configuration sources.
2018-06-23 10:02:37,166 [main] INFO  c.n.c.sources.URLConfigurationSource 122 - To enable URLs as dynamic configuration sources, define System property archaius.configurationSource.additionalUrls or make config.properties available on classpath.
2018-06-23 10:02:37,194 [main] WARN  c.n.c.sources.URLConfigurationSource 121 - No URLs will be polled as dynamic configuration sources.
2018-06-23 10:02:37,195 [main] INFO  c.n.c.sources.URLConfigurationSource 122 - To enable URLs as dynamic configuration sources, define System property archaius.configurationSource.additionalUrls or make config.properties available on classpath.
2018-06-23 10:02:38,173 [main] INFO  o.s.w.s.m.m.a.RequestMappingHandlerAdapter 534 - Looking for @ControllerAdvice: org.springframework.boot.context.embedded.AnnotationConfigEmbeddedWebApplicationContext@39a8312f: startup date [Sat Jun 23 10:02:18 CST 2018]; parent: org.springframework.context.annotation.AnnotationConfigApplicationContext@470f1802
2018-06-23 10:02:38,687 [main] INFO  o.s.w.s.m.m.a.RequestMappingHandlerMapping 543 - Mapped "{[/error]}" onto public org.springframework.http.ResponseEntity<java.util.Map<java.lang.String, java.lang.Object>> org.springframework.boot.autoconfigure.web.BasicErrorController.error(javax.servlet.http.HttpServletRequest)
2018-06-23 10:02:38,690 [main] INFO  o.s.w.s.m.m.a.RequestMappingHandlerMapping 543 - Mapped "{[/error],produces=[text/html]}" onto public org.springframework.web.servlet.ModelAndView org.springframework.boot.autoconfigure.web.BasicErrorController.errorHtml(javax.servlet.http.HttpServletRequest,javax.servlet.http.HttpServletResponse)
2018-06-23 10:02:38,731 [main] INFO  o.s.w.s.m.m.a.RequestMappingHandlerMapping 543 - Mapped "{[/],methods=[GET]}" onto public java.lang.String org.springframework.cloud.netflix.eureka.server.EurekaController.status(javax.servlet.http.HttpServletRequest,java.util.Map<java.lang.String, java.lang.Object>)
2018-06-23 10:02:38,732 [main] INFO  o.s.w.s.m.m.a.RequestMappingHandlerMapping 543 - Mapped "{[/lastn],methods=[GET]}" onto public java.lang.String org.springframework.cloud.netflix.eureka.server.EurekaController.lastn(javax.servlet.http.HttpServletRequest,java.util.Map<java.lang.String, java.lang.Object>)
2018-06-23 10:02:38,957 [main] INFO  o.s.w.s.h.SimpleUrlHandlerMapping 362 - Mapped URL path [/webjars/**] onto handler of type [class org.springframework.web.servlet.resource.ResourceHttpRequestHandler]
2018-06-23 10:02:38,958 [main] INFO  o.s.w.s.h.SimpleUrlHandlerMapping 362 - Mapped URL path [/**] onto handler of type [class org.springframework.web.servlet.resource.ResourceHttpRequestHandler]
2018-06-23 10:02:39,174 [main] INFO  o.s.w.s.h.SimpleUrlHandlerMapping 362 - Mapped URL path [/**/favicon.ico] onto handler of type [class org.springframework.web.servlet.resource.ResourceHttpRequestHandler]
2018-06-23 10:02:42,652 [main] INFO  o.s.s.web.DefaultSecurityFilterChain 43 - Creating filter chain: OrRequestMatcher [requestMatchers=[Ant [pattern='/css/**'], Ant [pattern='/js/**'], Ant [pattern='/images/**'], Ant [pattern='/webjars/**'], Ant [pattern='/**/favicon.ico'], Ant [pattern='/error']]], []
2018-06-23 10:02:45,738 [main] INFO  o.s.b.a.e.mvc.EndpointHandlerMapping 543 - Mapped "{[/autoconfig || /autoconfig.json],methods=[GET],produces=[application/vnd.spring-boot.actuator.v1+json || application/json]}" onto public java.lang.Object org.springframework.boot.actuate.endpoint.mvc.EndpointMvcAdapter.invoke()
2018-06-23 10:02:45,752 [main] INFO  o.s.b.a.e.mvc.EndpointHandlerMapping 543 - Mapped "{[/metrics/{name:.*}],methods=[GET],produces=[application/vnd.spring-boot.actuator.v1+json || application/json]}" onto public java.lang.Object org.springframework.boot.actuate.endpoint.mvc.MetricsMvcEndpoint.value(java.lang.String)
2018-06-23 10:02:45,754 [main] INFO  o.s.b.a.e.mvc.EndpointHandlerMapping 543 - Mapped "{[/metrics || /metrics.json],methods=[GET],produces=[application/vnd.spring-boot.actuator.v1+json || application/json]}" onto public java.lang.Object org.springframework.boot.actuate.endpoint.mvc.EndpointMvcAdapter.invoke()
2018-06-23 10:02:45,758 [main] INFO  o.s.b.a.e.mvc.EndpointHandlerMapping 543 - Mapped "{[/archaius || /archaius.json],methods=[GET],produces=[application/vnd.spring-boot.actuator.v1+json || application/json]}" onto public java.lang.Object org.springframework.boot.actuate.endpoint.mvc.EndpointMvcAdapter.invoke()
2018-06-23 10:02:45,771 [main] INFO  o.s.b.a.e.mvc.EndpointHandlerMapping 543 - Mapped "{[/env],methods=[POST]}" onto public java.lang.Object org.springframework.cloud.context.environment.EnvironmentManagerMvcEndpoint.value(java.util.Map<java.lang.String, java.lang.String>)
2018-06-23 10:02:45,774 [main] INFO  o.s.b.a.e.mvc.EndpointHandlerMapping 543 - Mapped "{[/env/reset],methods=[POST]}" onto public java.util.Map<java.lang.String, java.lang.Object> org.springframework.cloud.context.environment.EnvironmentManagerMvcEndpoint.reset()
2018-06-23 10:02:45,789 [main] INFO  o.s.b.a.e.mvc.EndpointHandlerMapping 543 - Mapped "{[/heapdump || /heapdump.json],methods=[GET],produces=[application/octet-stream]}" onto public void org.springframework.boot.actuate.endpoint.mvc.HeapdumpMvcEndpoint.invoke(boolean,javax.servlet.http.HttpServletRequest,javax.servlet.http.HttpServletResponse) throws java.io.IOException,javax.servlet.ServletException
2018-06-23 10:02:45,793 [main] INFO  o.s.b.a.e.mvc.EndpointHandlerMapping 543 - Mapped "{[/info || /info.json],methods=[GET],produces=[application/vnd.spring-boot.actuator.v1+json || application/json]}" onto public java.lang.Object org.springframework.boot.actuate.endpoint.mvc.EndpointMvcAdapter.invoke()
2018-06-23 10:02:45,810 [main] INFO  o.s.b.a.e.mvc.EndpointHandlerMapping 543 - Mapped "{[/mappings || /mappings.json],methods=[GET],produces=[application/vnd.spring-boot.actuator.v1+json || application/json]}" onto public java.lang.Object org.springframework.boot.actuate.endpoint.mvc.EndpointMvcAdapter.invoke()
2018-06-23 10:02:45,819 [main] INFO  o.s.b.a.e.mvc.EndpointHandlerMapping 543 - Mapped "{[/beans || /beans.json],methods=[GET],produces=[application/vnd.spring-boot.actuator.v1+json || application/json]}" onto public java.lang.Object org.springframework.boot.actuate.endpoint.mvc.EndpointMvcAdapter.invoke()
2018-06-23 10:02:45,831 [main] INFO  o.s.b.a.e.mvc.EndpointHandlerMapping 543 - Mapped "{[/refresh || /refresh.json],methods=[POST]}" onto public java.lang.Object org.springframework.cloud.endpoint.GenericPostableMvcEndpoint.invoke()
2018-06-23 10:02:45,837 [main] INFO  o.s.b.a.e.mvc.EndpointHandlerMapping 543 - Mapped "{[/trace || /trace.json],methods=[GET],produces=[application/vnd.spring-boot.actuator.v1+json || application/json]}" onto public java.lang.Object org.springframework.boot.actuate.endpoint.mvc.EndpointMvcAdapter.invoke()
2018-06-23 10:02:45,848 [main] INFO  o.s.b.a.e.mvc.EndpointHandlerMapping 543 - Mapped "{[/service-registry/instance-status],methods=[GET]}" onto public org.springframework.http.ResponseEntity org.springframework.cloud.client.serviceregistry.endpoint.ServiceRegistryEndpoint.getStatus()
2018-06-23 10:02:45,850 [main] INFO  o.s.b.a.e.mvc.EndpointHandlerMapping 543 - Mapped "{[/service-registry/instance-status],methods=[POST]}" onto public org.springframework.http.ResponseEntity<?> org.springframework.cloud.client.serviceregistry.endpoint.ServiceRegistryEndpoint.setStatus(java.lang.String)
2018-06-23 10:02:45,855 [main] INFO  o.s.b.a.e.mvc.EndpointHandlerMapping 543 - Mapped "{[/restart || /restart.json],methods=[POST]}" onto public java.lang.Object org.springframework.cloud.context.restart.RestartMvcEndpoint.invoke()
2018-06-23 10:02:45,892 [main] INFO  o.s.b.a.e.mvc.EndpointHandlerMapping 543 - Mapped "{[/env/{name:.*}],methods=[GET],produces=[application/vnd.spring-boot.actuator.v1+json || application/json]}" onto public java.lang.Object org.springframework.boot.actuate.endpoint.mvc.EnvironmentMvcEndpoint.value(java.lang.String)
2018-06-23 10:02:45,898 [main] INFO  o.s.b.a.e.mvc.EndpointHandlerMapping 543 - Mapped "{[/env || /env.json],methods=[GET],produces=[application/vnd.spring-boot.actuator.v1+json || application/json]}" onto public java.lang.Object org.springframework.boot.actuate.endpoint.mvc.EndpointMvcAdapter.invoke()
2018-06-23 10:02:45,919 [main] INFO  o.s.b.a.e.mvc.EndpointHandlerMapping 543 - Mapped "{[/features || /features.json],methods=[GET],produces=[application/vnd.spring-boot.actuator.v1+json || application/json]}" onto public java.lang.Object org.springframework.boot.actuate.endpoint.mvc.EndpointMvcAdapter.invoke()
2018-06-23 10:02:45,948 [main] INFO  o.s.b.a.e.mvc.EndpointHandlerMapping 543 - Mapped "{[/resume || /resume.json],methods=[POST]}" onto public java.lang.Object org.springframework.cloud.endpoint.GenericPostableMvcEndpoint.invoke()
2018-06-23 10:02:45,951 [main] INFO  o.s.b.a.e.mvc.EndpointHandlerMapping 543 - Mapped "{[/pause || /pause.json],methods=[POST]}" onto public java.lang.Object org.springframework.cloud.endpoint.GenericPostableMvcEndpoint.invoke()
2018-06-23 10:02:45,970 [main] INFO  o.s.b.a.e.mvc.EndpointHandlerMapping 543 - Mapped "{[/configprops || /configprops.json],methods=[GET],produces=[application/vnd.spring-boot.actuator.v1+json || application/json]}" onto public java.lang.Object org.springframework.boot.actuate.endpoint.mvc.EndpointMvcAdapter.invoke()
2018-06-23 10:02:45,994 [main] INFO  o.s.b.a.e.mvc.EndpointHandlerMapping 543 - Mapped "{[/loggers/{name:.*}],methods=[GET],produces=[application/vnd.spring-boot.actuator.v1+json || application/json]}" onto public java.lang.Object org.springframework.boot.actuate.endpoint.mvc.LoggersMvcEndpoint.get(java.lang.String)
2018-06-23 10:02:46,000 [main] INFO  o.s.b.a.e.mvc.EndpointHandlerMapping 543 - Mapped "{[/loggers/{name:.*}],methods=[POST],consumes=[application/vnd.spring-boot.actuator.v1+json || application/json],produces=[application/vnd.spring-boot.actuator.v1+json || application/json]}" onto public java.lang.Object org.springframework.boot.actuate.endpoint.mvc.LoggersMvcEndpoint.set(java.lang.String,java.util.Map<java.lang.String, java.lang.String>)
2018-06-23 10:02:46,012 [main] INFO  o.s.b.a.e.mvc.EndpointHandlerMapping 543 - Mapped "{[/loggers || /loggers.json],methods=[GET],produces=[application/vnd.spring-boot.actuator.v1+json || application/json]}" onto public java.lang.Object org.springframework.boot.actuate.endpoint.mvc.EndpointMvcAdapter.invoke()
2018-06-23 10:02:46,056 [main] INFO  o.s.b.a.e.mvc.EndpointHandlerMapping 543 - Mapped "{[/dump || /dump.json],methods=[GET],produces=[application/vnd.spring-boot.actuator.v1+json || application/json]}" onto public java.lang.Object org.springframework.boot.actuate.endpoint.mvc.EndpointMvcAdapter.invoke()
2018-06-23 10:02:46,069 [main] INFO  o.s.b.a.e.mvc.EndpointHandlerMapping 543 - Mapped "{[/health || /health.json],methods=[GET],produces=[application/vnd.spring-boot.actuator.v1+json || application/json]}" onto public java.lang.Object org.springframework.boot.actuate.endpoint.mvc.HealthMvcEndpoint.invoke(javax.servlet.http.HttpServletRequest,java.security.Principal)
2018-06-23 10:02:46,090 [main] INFO  o.s.b.a.e.mvc.EndpointHandlerMapping 543 - Mapped "{[/auditevents || /auditevents.json],methods=[GET],produces=[application/vnd.spring-boot.actuator.v1+json || application/json]}" onto public org.springframework.http.ResponseEntity<?> org.springframework.boot.actuate.endpoint.mvc.AuditEventsMvcEndpoint.findByPrincipalAndAfterAndType(java.lang.String,java.util.Date,java.lang.String)
2018-06-23 10:02:46,113 [main] INFO  o.s.s.web.DefaultSecurityFilterChain 43 - Creating filter chain: org.springframework.boot.actuate.autoconfigure.ManagementWebSecurityAutoConfiguration$LazyEndpointPathRequestMatcher@6b4125ed, [org.springframework.security.web.context.request.async.WebAsyncManagerIntegrationFilter@78da899f, org.springframework.security.web.context.SecurityContextPersistenceFilter@3b332962, org.springframework.security.web.header.HeaderWriterFilter@26837057, org.springframework.web.filter.CorsFilter@e7b265e, org.springframework.security.web.authentication.logout.LogoutFilter@3fa7df1, org.springframework.security.web.authentication.www.BasicAuthenticationFilter@4570d7b6, org.springframework.security.web.savedrequest.RequestCacheAwareFilter@2e7bf7b7, org.springframework.security.web.servletapi.SecurityContextHolderAwareRequestFilter@7237f3c1, org.springframework.security.web.authentication.AnonymousAuthenticationFilter@51da32e5, org.springframework.security.web.session.SessionManagementFilter@568750b7, org.springframework.security.web.access.ExceptionTranslationFilter@68b366e2, org.springframework.security.web.access.intercept.FilterSecurityInterceptor@4091b9c3]
2018-06-23 10:02:46,129 [main] INFO  o.s.s.web.DefaultSecurityFilterChain 43 - Creating filter chain: OrRequestMatcher [requestMatchers=[Ant [pattern='/**']]], [org.springframework.security.web.context.request.async.WebAsyncManagerIntegrationFilter@648c5fb3, org.springframework.security.web.context.SecurityContextPersistenceFilter@3dc40ab9, org.springframework.security.web.header.HeaderWriterFilter@59a2388e, org.springframework.security.web.authentication.logout.LogoutFilter@11d2dd2d, org.springframework.security.web.authentication.www.BasicAuthenticationFilter@cde8c6c, org.springframework.security.web.savedrequest.RequestCacheAwareFilter@2db6d68d, org.springframework.security.web.servletapi.SecurityContextHolderAwareRequestFilter@6518fdfd, org.springframework.security.web.authentication.AnonymousAuthenticationFilter@47b33e07, org.springframework.security.web.session.SessionManagementFilter@186d8a71, org.springframework.security.web.access.ExceptionTranslationFilter@68ef01a5, org.springframework.security.web.access.intercept.FilterSecurityInterceptor@4aeb0e2b]
2018-06-23 10:02:48,600 [main] INFO  o.s.u.f.SpringTemplateLoader 61 - SpringTemplateLoader for FreeMarker: using resource loader [org.springframework.boot.context.embedded.AnnotationConfigEmbeddedWebApplicationContext@39a8312f: startup date [Sat Jun 23 10:02:18 CST 2018]; parent: org.springframework.context.annotation.AnnotationConfigApplicationContext@470f1802] and template loader path [classpath:/templates/]
2018-06-23 10:02:48,614 [main] INFO  o.s.w.s.v.f.FreeMarkerConfigurer 127 - ClassTemplateLoader for Spring macros added to FreeMarker configuration
2018-06-23 10:02:49,878 [main] INFO  o.s.c.n.eureka.InstanceInfoFactory 70 - Setting initial instance status as: STARTING
2018-06-23 10:02:50,630 [main] INFO  c.netflix.discovery.DiscoveryClient 344 - Initializing Eureka in region us-east-1
2018-06-23 10:02:50,631 [main] INFO  c.netflix.discovery.DiscoveryClient 347 - Client configured to neither register nor query for data.
2018-06-23 10:02:50,781 [main] INFO  c.netflix.discovery.DiscoveryClient 361 - Discovery Client initialized at timestamp 1529719370780 with initial instances count: 0
2018-06-23 10:02:52,417 [main] INFO  c.n.e.DefaultEurekaServerContext 63 - Initializing ...
2018-06-23 10:02:52,555 [main] INFO  c.n.eureka.cluster.PeerEurekaNodes 188 - Adding new peer nodes [http://192.168.43.146:8080/eureka/]
2018-06-23 10:02:57,300 [main] INFO  c.n.d.p.DiscoveryJerseyProvider 70 - Using JSON encoding codec LegacyJacksonJson
2018-06-23 10:02:57,301 [main] INFO  c.n.d.p.DiscoveryJerseyProvider 71 - Using JSON decoding codec LegacyJacksonJson
2018-06-23 10:02:57,302 [main] INFO  c.n.d.p.DiscoveryJerseyProvider 80 - Using XML encoding codec XStreamXml
2018-06-23 10:02:57,303 [main] INFO  c.n.d.p.DiscoveryJerseyProvider 81 - Using XML decoding codec XStreamXml
2018-06-23 10:02:57,926 [main] INFO  c.n.eureka.cluster.PeerEurekaNodes 110 - Replica node URL:  http://192.168.43.146:8080/eureka/
2018-06-23 10:02:57,957 [main] INFO  c.n.e.r.AbstractInstanceRegistry 152 - Finished initializing remote region registries. All known remote regions: []
2018-06-23 10:02:57,963 [main] INFO  c.n.e.DefaultEurekaServerContext 66 - Initialized
2018-06-23 10:02:58,191 [main] INFO  o.s.j.e.a.AnnotationMBeanExporter 431 - Registering beans for JMX exposure on startup
2018-06-23 10:02:58,212 [main] INFO  o.s.j.e.a.AnnotationMBeanExporter 916 - Bean with name 'environmentManager' has been autodetected for JMX exposure
2018-06-23 10:02:58,217 [main] INFO  o.s.j.e.a.AnnotationMBeanExporter 916 - Bean with name 'configurationPropertiesRebinder' has been autodetected for JMX exposure
2018-06-23 10:02:58,219 [main] INFO  o.s.j.e.a.AnnotationMBeanExporter 916 - Bean with name 'refreshEndpoint' has been autodetected for JMX exposure
2018-06-23 10:02:58,220 [main] INFO  o.s.j.e.a.AnnotationMBeanExporter 916 - Bean with name 'restartEndpoint' has been autodetected for JMX exposure
2018-06-23 10:02:58,227 [main] INFO  o.s.j.e.a.AnnotationMBeanExporter 916 - Bean with name 'serviceRegistryEndpoint' has been autodetected for JMX exposure
2018-06-23 10:02:58,229 [main] INFO  o.s.j.e.a.AnnotationMBeanExporter 916 - Bean with name 'refreshScope' has been autodetected for JMX exposure
2018-06-23 10:02:58,235 [main] INFO  o.s.j.e.a.AnnotationMBeanExporter 678 - Located managed bean 'environmentManager': registering with JMX server as MBean [org.springframework.cloud.context.environment:name=environmentManager,type=EnvironmentManager]
2018-06-23 10:02:58,408 [main] INFO  o.s.j.e.a.AnnotationMBeanExporter 678 - Located managed bean 'restartEndpoint': registering with JMX server as MBean [org.springframework.cloud.context.restart:name=restartEndpoint,type=RestartEndpoint]
2018-06-23 10:02:58,451 [main] INFO  o.s.j.e.a.AnnotationMBeanExporter 678 - Located managed bean 'serviceRegistryEndpoint': registering with JMX server as MBean [org.springframework.cloud.client.serviceregistry.endpoint:name=serviceRegistryEndpoint,type=ServiceRegistryEndpoint]
2018-06-23 10:02:58,506 [main] INFO  o.s.j.e.a.AnnotationMBeanExporter 678 - Located managed bean 'refreshScope': registering with JMX server as MBean [org.springframework.cloud.context.scope.refresh:name=refreshScope,type=RefreshScope]
2018-06-23 10:02:58,537 [main] INFO  o.s.j.e.a.AnnotationMBeanExporter 678 - Located managed bean 'configurationPropertiesRebinder': registering with JMX server as MBean [org.springframework.cloud.context.properties:name=configurationPropertiesRebinder,context=39a8312f,type=ConfigurationPropertiesRebinder]
2018-06-23 10:02:58,549 [main] INFO  o.s.j.e.a.AnnotationMBeanExporter 678 - Located managed bean 'refreshEndpoint': registering with JMX server as MBean [org.springframework.cloud.endpoint:name=refreshEndpoint,type=RefreshEndpoint]
2018-06-23 10:02:58,551 [main] INFO  o.s.b.a.e.jmx.EndpointMBeanExporter 431 - Registering beans for JMX exposure on startup
2018-06-23 10:02:59,145 [main] INFO  o.s.c.s.DefaultLifecycleProcessor 343 - Starting beans in phase 0
2018-06-23 10:02:59,146 [main] INFO  o.s.c.n.e.s.EurekaServiceRegistry 40 - Registering application scrcu-server with eureka with status UP
2018-06-23 10:02:59,155 [main] INFO  o.s.b.a.e.jmx.EndpointMBeanExporter 678 - Located managed bean 'auditEventsEndpoint': registering with JMX server as MBean [org.springframework.boot:type=Endpoint,name=auditEventsEndpoint]
2018-06-23 10:02:59,170 [main] INFO  o.s.b.a.e.jmx.EndpointMBeanExporter 678 - Located managed bean 'archaiusEndpoint': registering with JMX server as MBean [org.springframework.boot:type=Endpoint,name=archaiusEndpoint]
2018-06-23 10:02:59,190 [main] INFO  o.s.b.a.e.jmx.EndpointMBeanExporter 678 - Located managed bean 'featuresEndpoint': registering with JMX server as MBean [org.springframework.boot:type=Endpoint,name=featuresEndpoint]
2018-06-23 10:02:59,207 [main] INFO  o.s.b.a.e.jmx.EndpointMBeanExporter 678 - Located managed bean 'requestMappingEndpoint': registering with JMX server as MBean [org.springframework.boot:type=Endpoint,name=requestMappingEndpoint]
2018-06-23 10:02:59,217 [main] INFO  o.s.b.a.e.jmx.EndpointMBeanExporter 678 - Located managed bean 'environmentEndpoint': registering with JMX server as MBean [org.springframework.boot:type=Endpoint,name=environmentEndpoint]
2018-06-23 10:02:59,228 [main] INFO  o.s.b.a.e.jmx.EndpointMBeanExporter 678 - Located managed bean 'healthEndpoint': registering with JMX server as MBean [org.springframework.boot:type=Endpoint,name=healthEndpoint]
2018-06-23 10:02:59,235 [main] INFO  o.s.b.a.e.jmx.EndpointMBeanExporter 678 - Located managed bean 'beansEndpoint': registering with JMX server as MBean [org.springframework.boot:type=Endpoint,name=beansEndpoint]
2018-06-23 10:02:59,251 [main] INFO  o.s.b.a.e.jmx.EndpointMBeanExporter 678 - Located managed bean 'infoEndpoint': registering with JMX server as MBean [org.springframework.boot:type=Endpoint,name=infoEndpoint]
2018-06-23 10:02:59,262 [main] INFO  o.s.b.a.e.jmx.EndpointMBeanExporter 678 - Located managed bean 'loggersEndpoint': registering with JMX server as MBean [org.springframework.boot:type=Endpoint,name=loggersEndpoint]
2018-06-23 10:02:59,286 [main] INFO  o.s.b.a.e.jmx.EndpointMBeanExporter 678 - Located managed bean 'metricsEndpoint': registering with JMX server as MBean [org.springframework.boot:type=Endpoint,name=metricsEndpoint]
2018-06-23 10:02:59,292 [main] INFO  o.s.b.a.e.jmx.EndpointMBeanExporter 678 - Located managed bean 'traceEndpoint': registering with JMX server as MBean [org.springframework.boot:type=Endpoint,name=traceEndpoint]
2018-06-23 10:02:59,303 [main] INFO  o.s.b.a.e.jmx.EndpointMBeanExporter 678 - Located managed bean 'dumpEndpoint': registering with JMX server as MBean [org.springframework.boot:type=Endpoint,name=dumpEndpoint]
2018-06-23 10:02:59,311 [main] INFO  o.s.b.a.e.jmx.EndpointMBeanExporter 678 - Located managed bean 'autoConfigurationReportEndpoint': registering with JMX server as MBean [org.springframework.boot:type=Endpoint,name=autoConfigurationReportEndpoint]
2018-06-23 10:02:59,322 [main] INFO  o.s.b.a.e.jmx.EndpointMBeanExporter 678 - Located managed bean 'configurationPropertiesReportEndpoint': registering with JMX server as MBean [org.springframework.boot:type=Endpoint,name=configurationPropertiesReportEndpoint]
2018-06-23 10:02:59,353 [Thread-11] INFO  o.s.c.n.e.s.EurekaServerBootstrap 107 - Setting the eureka configuration..
2018-06-23 10:02:59,353 [Thread-11] INFO  o.s.c.n.e.s.EurekaServerBootstrap 112 - Eureka data center value eureka.datacenter is not set, defaulting to default
2018-06-23 10:02:59,354 [Thread-11] INFO  o.s.c.n.e.s.EurekaServerBootstrap 126 - Eureka environment value eureka.environment is not set, defaulting to test
2018-06-23 10:02:59,855 [Thread-11] INFO  o.s.c.n.e.s.EurekaServerBootstrap 182 - isAws returned false
2018-06-23 10:02:59,856 [Thread-11] INFO  o.s.c.n.e.s.EurekaServerBootstrap 150 - Initialized server context
2018-06-23 10:02:59,856 [Thread-11] INFO  c.n.e.r.PeerAwareInstanceRegistryImpl 242 - Got 1 instances from neighboring DS node
2018-06-23 10:02:59,856 [Thread-11] INFO  c.n.e.r.PeerAwareInstanceRegistryImpl 243 - Renew threshold is: 1
2018-06-23 10:02:59,857 [Thread-11] INFO  c.n.e.r.PeerAwareInstanceRegistryImpl 254 - Changing status to UP
2018-06-23 10:02:59,870 [Thread-11] INFO  o.s.c.n.e.s.EurekaServerInitializerConfiguration 71 - Started Eureka Server
2018-06-23 10:03:00,759 [main] INFO  o.s.b.c.e.t.TomcatEmbeddedServletContainer 201 - Tomcat started on port(s): 8080 (http)
2018-06-23 10:03:00,766 [main] INFO  o.s.c.n.e.s.EurekaAutoServiceRegistration 117 - Updating port to 8080
2018-06-23 10:03:00,780 [main] INFO  c.scrcu.SpringCloudEurekaApplication 57 - Started SpringCloudEurekaApplication in 54.812 seconds (JVM running for 58.602)
2018-06-23 10:03:39,733 [http-nio-8080-exec-2] INFO  o.a.c.c.C.[Tomcat].[localhost].[/] 180 - Initializing Spring FrameworkServlet 'dispatcherServlet'
2018-06-23 10:03:39,734 [http-nio-8080-exec-2] INFO  o.s.web.servlet.DispatcherServlet 489 - FrameworkServlet 'dispatcherServlet': initialization started
2018-06-23 10:03:39,886 [http-nio-8080-exec-2] INFO  o.s.web.servlet.DispatcherServlet 508 - FrameworkServlet 'dispatcherServlet': initialization completed in 152 ms
2018-06-23 10:03:59,859 [Eureka-EvictionTimer] INFO  c.n.e.r.AbstractInstanceRegistry 1254 - Running the evict task with compensationTime 0ms
2018-06-23 10:24:22,256 [main] INFO  c.scrcu.SpringCloudEurekaApplication 593 - No active profile set, falling back to default profiles: default
2018-06-23 10:24:22,399 [main] INFO  o.s.b.c.e.AnnotationConfigEmbeddedWebApplicationContext 583 - Refreshing org.springframework.boot.context.embedded.AnnotationConfigEmbeddedWebApplicationContext@75f95314: startup date [Sat Jun 23 10:24:22 CST 2018]; parent: org.springframework.context.annotation.AnnotationConfigApplicationContext@470f1802
2018-06-23 10:24:30,504 [main] INFO  o.s.cloud.context.scope.GenericScope 263 - BeanFactory id=57b1b6ce-f670-3d39-8b2e-3d7c351d56fd
2018-06-23 10:24:30,745 [main] INFO  o.s.b.f.a.AutowiredAnnotationBeanPostProcessor 155 - JSR-330 'javax.inject.Inject' annotation found and supported for autowiring
2018-06-23 10:24:31,137 [main] INFO  o.s.c.s.PostProcessorRegistrationDelegate$BeanPostProcessorChecker 327 - Bean 'org.springframework.cloud.netflix.metrics.MetricsInterceptorConfiguration$MetricsRestTemplateConfiguration' of type [org.springframework.cloud.netflix.metrics.MetricsInterceptorConfiguration$MetricsRestTemplateConfiguration$$EnhancerBySpringCGLIB$$33b2f337] is not eligible for getting processed by all BeanPostProcessors (for example: not eligible for auto-proxying)
2018-06-23 10:24:31,186 [main] INFO  o.s.c.s.PostProcessorRegistrationDelegate$BeanPostProcessorChecker 327 - Bean 'org.springframework.cloud.autoconfigure.ConfigurationPropertiesRebinderAutoConfiguration' of type [org.springframework.cloud.autoconfigure.ConfigurationPropertiesRebinderAutoConfiguration$$EnhancerBySpringCGLIB$$1da04ff3] is not eligible for getting processed by all BeanPostProcessors (for example: not eligible for auto-proxying)
2018-06-23 10:24:36,100 [main] INFO  o.s.b.c.e.t.TomcatEmbeddedServletContainer 89 - Tomcat initialized with port(s): 8080 (http)
2018-06-23 10:24:36,173 [main] INFO  o.a.catalina.core.StandardService 180 - Starting service [Tomcat]
2018-06-23 10:24:36,179 [main] INFO  o.a.catalina.core.StandardEngine 180 - Starting Servlet Engine: Apache Tomcat/8.5.27
2018-06-23 10:24:37,040 [localhost-startStop-1] INFO  o.a.c.c.C.[Tomcat].[localhost].[/] 180 - Initializing Spring embedded WebApplicationContext
2018-06-23 10:24:37,045 [localhost-startStop-1] INFO  o.s.web.context.ContextLoader 276 - Root WebApplicationContext: initialization completed in 14646 ms
2018-06-23 10:24:41,062 [localhost-startStop-1] INFO  o.s.b.w.s.FilterRegistrationBean 258 - Mapping filter: 'metricsFilter' to: [/*]
2018-06-23 10:24:41,066 [localhost-startStop-1] INFO  o.s.b.w.s.FilterRegistrationBean 258 - Mapping filter: 'characterEncodingFilter' to: [/*]
2018-06-23 10:24:41,068 [localhost-startStop-1] INFO  o.s.b.w.s.FilterRegistrationBean 258 - Mapping filter: 'hiddenHttpMethodFilter' to: [/*]
2018-06-23 10:24:41,070 [localhost-startStop-1] INFO  o.s.b.w.s.FilterRegistrationBean 258 - Mapping filter: 'httpPutFormContentFilter' to: [/*]
2018-06-23 10:24:41,071 [localhost-startStop-1] INFO  o.s.b.w.s.FilterRegistrationBean 258 - Mapping filter: 'requestContextFilter' to: [/*]
2018-06-23 10:24:41,077 [localhost-startStop-1] INFO  o.s.b.w.s.DelegatingFilterProxyRegistrationBean 258 - Mapping filter: 'springSecurityFilterChain' to: [/*]
2018-06-23 10:24:41,078 [localhost-startStop-1] INFO  o.s.b.w.s.FilterRegistrationBean 258 - Mapping filter: 'webRequestTraceFilter' to: [/*]
2018-06-23 10:24:41,080 [localhost-startStop-1] INFO  o.s.b.w.s.FilterRegistrationBean 271 - Mapping filter: 'servletContainer' to urls: [/eureka/*]
2018-06-23 10:24:41,081 [localhost-startStop-1] INFO  o.s.b.w.s.FilterRegistrationBean 258 - Mapping filter: 'applicationContextIdFilter' to: [/*]
2018-06-23 10:24:41,083 [localhost-startStop-1] INFO  o.s.b.w.s.ServletRegistrationBean 190 - Mapping servlet: 'dispatcherServlet' to [/]
2018-06-23 10:24:41,819 [localhost-startStop-1] INFO  c.s.j.s.i.a.WebApplicationImpl 815 - Initiating Jersey application, version 'Jersey: 1.19.1 03/11/2016 02:08 PM'
2018-06-23 10:24:42,421 [localhost-startStop-1] INFO  c.n.d.p.DiscoveryJerseyProvider 70 - Using JSON encoding codec LegacyJacksonJson
2018-06-23 10:24:42,449 [localhost-startStop-1] INFO  c.n.d.p.DiscoveryJerseyProvider 71 - Using JSON decoding codec LegacyJacksonJson
2018-06-23 10:24:44,047 [localhost-startStop-1] INFO  c.n.d.p.DiscoveryJerseyProvider 80 - Using XML encoding codec XStreamXml
2018-06-23 10:24:44,049 [localhost-startStop-1] INFO  c.n.d.p.DiscoveryJerseyProvider 81 - Using XML decoding codec XStreamXml
2018-06-23 10:24:52,397 [main] WARN  c.n.c.sources.URLConfigurationSource 121 - No URLs will be polled as dynamic configuration sources.
2018-06-23 10:24:52,399 [main] INFO  c.n.c.sources.URLConfigurationSource 122 - To enable URLs as dynamic configuration sources, define System property archaius.configurationSource.additionalUrls or make config.properties available on classpath.
2018-06-23 10:24:52,444 [main] WARN  c.n.c.sources.URLConfigurationSource 121 - No URLs will be polled as dynamic configuration sources.
2018-06-23 10:24:52,446 [main] INFO  c.n.c.sources.URLConfigurationSource 122 - To enable URLs as dynamic configuration sources, define System property archaius.configurationSource.additionalUrls or make config.properties available on classpath.
2018-06-23 10:24:54,108 [main] INFO  o.s.w.s.m.m.a.RequestMappingHandlerAdapter 534 - Looking for @ControllerAdvice: org.springframework.boot.context.embedded.AnnotationConfigEmbeddedWebApplicationContext@75f95314: startup date [Sat Jun 23 10:24:22 CST 2018]; parent: org.springframework.context.annotation.AnnotationConfigApplicationContext@470f1802
2018-06-23 10:24:54,836 [main] INFO  o.s.w.s.m.m.a.RequestMappingHandlerMapping 543 - Mapped "{[/error]}" onto public org.springframework.http.ResponseEntity<java.util.Map<java.lang.String, java.lang.Object>> org.springframework.boot.autoconfigure.web.BasicErrorController.error(javax.servlet.http.HttpServletRequest)
2018-06-23 10:24:54,840 [main] INFO  o.s.w.s.m.m.a.RequestMappingHandlerMapping 543 - Mapped "{[/error],produces=[text/html]}" onto public org.springframework.web.servlet.ModelAndView org.springframework.boot.autoconfigure.web.BasicErrorController.errorHtml(javax.servlet.http.HttpServletRequest,javax.servlet.http.HttpServletResponse)
2018-06-23 10:24:54,865 [main] INFO  o.s.w.s.m.m.a.RequestMappingHandlerMapping 543 - Mapped "{[/],methods=[GET]}" onto public java.lang.String org.springframework.cloud.netflix.eureka.server.EurekaController.status(javax.servlet.http.HttpServletRequest,java.util.Map<java.lang.String, java.lang.Object>)
2018-06-23 10:24:54,868 [main] INFO  o.s.w.s.m.m.a.RequestMappingHandlerMapping 543 - Mapped "{[/lastn],methods=[GET]}" onto public java.lang.String org.springframework.cloud.netflix.eureka.server.EurekaController.lastn(javax.servlet.http.HttpServletRequest,java.util.Map<java.lang.String, java.lang.Object>)
2018-06-23 10:24:55,082 [main] INFO  o.s.w.s.h.SimpleUrlHandlerMapping 362 - Mapped URL path [/webjars/**] onto handler of type [class org.springframework.web.servlet.resource.ResourceHttpRequestHandler]
2018-06-23 10:24:55,083 [main] INFO  o.s.w.s.h.SimpleUrlHandlerMapping 362 - Mapped URL path [/**] onto handler of type [class org.springframework.web.servlet.resource.ResourceHttpRequestHandler]
2018-06-23 10:24:55,517 [main] INFO  o.s.w.s.h.SimpleUrlHandlerMapping 362 - Mapped URL path [/**/favicon.ico] onto handler of type [class org.springframework.web.servlet.resource.ResourceHttpRequestHandler]
2018-06-23 10:24:58,001 [main] INFO  o.s.s.web.DefaultSecurityFilterChain 43 - Creating filter chain: OrRequestMatcher [requestMatchers=[Ant [pattern='/css/**'], Ant [pattern='/js/**'], Ant [pattern='/images/**'], Ant [pattern='/webjars/**'], Ant [pattern='/**/favicon.ico'], Ant [pattern='/error']]], []
2018-06-23 10:24:59,991 [main] INFO  o.s.b.a.e.mvc.EndpointHandlerMapping 543 - Mapped "{[/resume || /resume.json],methods=[POST]}" onto public java.lang.Object org.springframework.cloud.endpoint.GenericPostableMvcEndpoint.invoke()
2018-06-23 10:24:59,994 [main] INFO  o.s.b.a.e.mvc.EndpointHandlerMapping 543 - Mapped "{[/service-registry/instance-status],methods=[GET]}" onto public org.springframework.http.ResponseEntity org.springframework.cloud.client.serviceregistry.endpoint.ServiceRegistryEndpoint.getStatus()
2018-06-23 10:24:59,997 [main] INFO  o.s.b.a.e.mvc.EndpointHandlerMapping 543 - Mapped "{[/service-registry/instance-status],methods=[POST]}" onto public org.springframework.http.ResponseEntity<?> org.springframework.cloud.client.serviceregistry.endpoint.ServiceRegistryEndpoint.setStatus(java.lang.String)
2018-06-23 10:25:00,004 [main] INFO  o.s.b.a.e.mvc.EndpointHandlerMapping 543 - Mapped "{[/env],methods=[POST]}" onto public java.lang.Object org.springframework.cloud.context.environment.EnvironmentManagerMvcEndpoint.value(java.util.Map<java.lang.String, java.lang.String>)
2018-06-23 10:25:00,006 [main] INFO  o.s.b.a.e.mvc.EndpointHandlerMapping 543 - Mapped "{[/env/reset],methods=[POST]}" onto public java.util.Map<java.lang.String, java.lang.Object> org.springframework.cloud.context.environment.EnvironmentManagerMvcEndpoint.reset()
2018-06-23 10:25:00,013 [main] INFO  o.s.b.a.e.mvc.EndpointHandlerMapping 543 - Mapped "{[/mappings || /mappings.json],methods=[GET],produces=[application/vnd.spring-boot.actuator.v1+json || application/json]}" onto public java.lang.Object org.springframework.boot.actuate.endpoint.mvc.EndpointMvcAdapter.invoke()
2018-06-23 10:25:00,018 [main] INFO  o.s.b.a.e.mvc.EndpointHandlerMapping 543 - Mapped "{[/configprops || /configprops.json],methods=[GET],produces=[application/vnd.spring-boot.actuator.v1+json || application/json]}" onto public java.lang.Object org.springframework.boot.actuate.endpoint.mvc.EndpointMvcAdapter.invoke()
2018-06-23 10:25:00,032 [main] INFO  o.s.b.a.e.mvc.EndpointHandlerMapping 543 - Mapped "{[/trace || /trace.json],methods=[GET],produces=[application/vnd.spring-boot.actuator.v1+json || application/json]}" onto public java.lang.Object org.springframework.boot.actuate.endpoint.mvc.EndpointMvcAdapter.invoke()
2018-06-23 10:25:00,039 [main] INFO  o.s.b.a.e.mvc.EndpointHandlerMapping 543 - Mapped "{[/metrics/{name:.*}],methods=[GET],produces=[application/vnd.spring-boot.actuator.v1+json || application/json]}" onto public java.lang.Object org.springframework.boot.actuate.endpoint.mvc.MetricsMvcEndpoint.value(java.lang.String)
2018-06-23 10:25:00,041 [main] INFO  o.s.b.a.e.mvc.EndpointHandlerMapping 543 - Mapped "{[/metrics || /metrics.json],methods=[GET],produces=[application/vnd.spring-boot.actuator.v1+json || application/json]}" onto public java.lang.Object org.springframework.boot.actuate.endpoint.mvc.EndpointMvcAdapter.invoke()
2018-06-23 10:25:00,054 [main] INFO  o.s.b.a.e.mvc.EndpointHandlerMapping 543 - Mapped "{[/env/{name:.*}],methods=[GET],produces=[application/vnd.spring-boot.actuator.v1+json || application/json]}" onto public java.lang.Object org.springframework.boot.actuate.endpoint.mvc.EnvironmentMvcEndpoint.value(java.lang.String)
2018-06-23 10:25:00,059 [main] INFO  o.s.b.a.e.mvc.EndpointHandlerMapping 543 - Mapped "{[/env || /env.json],methods=[GET],produces=[application/vnd.spring-boot.actuator.v1+json || application/json]}" onto public java.lang.Object org.springframework.boot.actuate.endpoint.mvc.EndpointMvcAdapter.invoke()
2018-06-23 10:25:00,074 [main] INFO  o.s.b.a.e.mvc.EndpointHandlerMapping 543 - Mapped "{[/refresh || /refresh.json],methods=[POST]}" onto public java.lang.Object org.springframework.cloud.endpoint.GenericPostableMvcEndpoint.invoke()
2018-06-23 10:25:00,134 [main] INFO  o.s.b.a.e.mvc.EndpointHandlerMapping 543 - Mapped "{[/features || /features.json],methods=[GET],produces=[application/vnd.spring-boot.actuator.v1+json || application/json]}" onto public java.lang.Object org.springframework.boot.actuate.endpoint.mvc.EndpointMvcAdapter.invoke()
2018-06-23 10:25:00,153 [main] INFO  o.s.b.a.e.mvc.EndpointHandlerMapping 543 - Mapped "{[/auditevents || /auditevents.json],methods=[GET],produces=[application/vnd.spring-boot.actuator.v1+json || application/json]}" onto public org.springframework.http.ResponseEntity<?> org.springframework.boot.actuate.endpoint.mvc.AuditEventsMvcEndpoint.findByPrincipalAndAfterAndType(java.lang.String,java.util.Date,java.lang.String)
2018-06-23 10:25:00,159 [main] INFO  o.s.b.a.e.mvc.EndpointHandlerMapping 543 - Mapped "{[/info || /info.json],methods=[GET],produces=[application/vnd.spring-boot.actuator.v1+json || application/json]}" onto public java.lang.Object org.springframework.boot.actuate.endpoint.mvc.EndpointMvcAdapter.invoke()
2018-06-23 10:25:00,177 [main] INFO  o.s.b.a.e.mvc.EndpointHandlerMapping 543 - Mapped "{[/dump || /dump.json],methods=[GET],produces=[application/vnd.spring-boot.actuator.v1+json || application/json]}" onto public java.lang.Object org.springframework.boot.actuate.endpoint.mvc.EndpointMvcAdapter.invoke()
2018-06-23 10:25:00,192 [main] INFO  o.s.b.a.e.mvc.EndpointHandlerMapping 543 - Mapped "{[/health || /health.json],methods=[GET],produces=[application/vnd.spring-boot.actuator.v1+json || application/json]}" onto public java.lang.Object org.springframework.boot.actuate.endpoint.mvc.HealthMvcEndpoint.invoke(javax.servlet.http.HttpServletRequest,java.security.Principal)
2018-06-23 10:25:00,197 [main] INFO  o.s.b.a.e.mvc.EndpointHandlerMapping 543 - Mapped "{[/archaius || /archaius.json],methods=[GET],produces=[application/vnd.spring-boot.actuator.v1+json || application/json]}" onto public java.lang.Object org.springframework.boot.actuate.endpoint.mvc.EndpointMvcAdapter.invoke()
2018-06-23 10:25:00,231 [main] INFO  o.s.b.a.e.mvc.EndpointHandlerMapping 543 - Mapped "{[/loggers/{name:.*}],methods=[GET],produces=[application/vnd.spring-boot.actuator.v1+json || application/json]}" onto public java.lang.Object org.springframework.boot.actuate.endpoint.mvc.LoggersMvcEndpoint.get(java.lang.String)
2018-06-23 10:25:00,235 [main] INFO  o.s.b.a.e.mvc.EndpointHandlerMapping 543 - Mapped "{[/loggers/{name:.*}],methods=[POST],consumes=[application/vnd.spring-boot.actuator.v1+json || application/json],produces=[application/vnd.spring-boot.actuator.v1+json || application/json]}" onto public java.lang.Object org.springframework.boot.actuate.endpoint.mvc.LoggersMvcEndpoint.set(java.lang.String,java.util.Map<java.lang.String, java.lang.String>)
2018-06-23 10:25:00,237 [main] INFO  o.s.b.a.e.mvc.EndpointHandlerMapping 543 - Mapped "{[/loggers || /loggers.json],methods=[GET],produces=[application/vnd.spring-boot.actuator.v1+json || application/json]}" onto public java.lang.Object org.springframework.boot.actuate.endpoint.mvc.EndpointMvcAdapter.invoke()
2018-06-23 10:25:00,259 [main] INFO  o.s.b.a.e.mvc.EndpointHandlerMapping 543 - Mapped "{[/pause || /pause.json],methods=[POST]}" onto public java.lang.Object org.springframework.cloud.endpoint.GenericPostableMvcEndpoint.invoke()
2018-06-23 10:25:00,278 [main] INFO  o.s.b.a.e.mvc.EndpointHandlerMapping 543 - Mapped "{[/restart || /restart.json],methods=[POST]}" onto public java.lang.Object org.springframework.cloud.context.restart.RestartMvcEndpoint.invoke()
2018-06-23 10:25:00,339 [main] INFO  o.s.b.a.e.mvc.EndpointHandlerMapping 543 - Mapped "{[/beans || /beans.json],methods=[GET],produces=[application/vnd.spring-boot.actuator.v1+json || application/json]}" onto public java.lang.Object org.springframework.boot.actuate.endpoint.mvc.EndpointMvcAdapter.invoke()
2018-06-23 10:25:00,360 [main] INFO  o.s.b.a.e.mvc.EndpointHandlerMapping 543 - Mapped "{[/heapdump || /heapdump.json],methods=[GET],produces=[application/octet-stream]}" onto public void org.springframework.boot.actuate.endpoint.mvc.HeapdumpMvcEndpoint.invoke(boolean,javax.servlet.http.HttpServletRequest,javax.servlet.http.HttpServletResponse) throws java.io.IOException,javax.servlet.ServletException
2018-06-23 10:25:00,374 [main] INFO  o.s.b.a.e.mvc.EndpointHandlerMapping 543 - Mapped "{[/autoconfig || /autoconfig.json],methods=[GET],produces=[application/vnd.spring-boot.actuator.v1+json || application/json]}" onto public java.lang.Object org.springframework.boot.actuate.endpoint.mvc.EndpointMvcAdapter.invoke()
2018-06-23 10:25:00,394 [main] INFO  o.s.s.web.DefaultSecurityFilterChain 43 - Creating filter chain: org.springframework.boot.actuate.autoconfigure.ManagementWebSecurityAutoConfiguration$LazyEndpointPathRequestMatcher@24043ec5, [org.springframework.security.web.context.request.async.WebAsyncManagerIntegrationFilter@3e33b52e, org.springframework.security.web.context.SecurityContextPersistenceFilter@483b0690, org.springframework.security.web.header.HeaderWriterFilter@36d33f4, org.springframework.web.filter.CorsFilter@4c6a4ffd, org.springframework.security.web.authentication.logout.LogoutFilter@60a7e509, org.springframework.security.web.authentication.www.BasicAuthenticationFilter@32bb0072, org.springframework.security.web.savedrequest.RequestCacheAwareFilter@6870c3c2, org.springframework.security.web.servletapi.SecurityContextHolderAwareRequestFilter@771a7d53, org.springframework.security.web.authentication.AnonymousAuthenticationFilter@3aed69dd, org.springframework.security.web.session.SessionManagementFilter@fa5f81c, org.springframework.security.web.access.ExceptionTranslationFilter@1b410308, org.springframework.security.web.access.intercept.FilterSecurityInterceptor@46046c06]
2018-06-23 10:25:00,412 [main] INFO  o.s.s.web.DefaultSecurityFilterChain 43 - Creating filter chain: OrRequestMatcher [requestMatchers=[Ant [pattern='/**']]], [org.springframework.security.web.context.request.async.WebAsyncManagerIntegrationFilter@536b71b4, org.springframework.security.web.context.SecurityContextPersistenceFilter@61a2aeb7, org.springframework.security.web.header.HeaderWriterFilter@7a682d35, org.springframework.security.web.authentication.logout.LogoutFilter@16134476, org.springframework.security.web.authentication.www.BasicAuthenticationFilter@62b09715, org.springframework.security.web.savedrequest.RequestCacheAwareFilter@64b70f41, org.springframework.security.web.servletapi.SecurityContextHolderAwareRequestFilter@5f8d9767, org.springframework.security.web.authentication.AnonymousAuthenticationFilter@789c3057, org.springframework.security.web.session.SessionManagementFilter@ee8e7ff, org.springframework.security.web.access.ExceptionTranslationFilter@7bbfc5ff, org.springframework.security.web.access.intercept.FilterSecurityInterceptor@67f63d26]
2018-06-23 10:25:01,952 [main] INFO  o.s.u.f.SpringTemplateLoader 61 - SpringTemplateLoader for FreeMarker: using resource loader [org.springframework.boot.context.embedded.AnnotationConfigEmbeddedWebApplicationContext@75f95314: startup date [Sat Jun 23 10:24:22 CST 2018]; parent: org.springframework.context.annotation.AnnotationConfigApplicationContext@470f1802] and template loader path [classpath:/templates/]
2018-06-23 10:25:01,961 [main] INFO  o.s.w.s.v.f.FreeMarkerConfigurer 127 - ClassTemplateLoader for Spring macros added to FreeMarker configuration
2018-06-23 10:25:02,642 [main] INFO  o.s.c.n.eureka.InstanceInfoFactory 70 - Setting initial instance status as: STARTING
2018-06-23 10:25:02,972 [main] INFO  c.netflix.discovery.DiscoveryClient 344 - Initializing Eureka in region us-east-1
2018-06-23 10:25:02,973 [main] INFO  c.netflix.discovery.DiscoveryClient 347 - Client configured to neither register nor query for data.
2018-06-23 10:25:03,050 [main] INFO  c.netflix.discovery.DiscoveryClient 361 - Discovery Client initialized at timestamp 1529720703049 with initial instances count: 0
2018-06-23 10:25:03,502 [main] INFO  c.n.e.DefaultEurekaServerContext 63 - Initializing ...
2018-06-23 10:25:03,527 [main] INFO  c.n.eureka.cluster.PeerEurekaNodes 188 - Adding new peer nodes [http://192.168.43.146:8080/eureka/]
2018-06-23 10:25:07,474 [main] INFO  c.n.d.p.DiscoveryJerseyProvider 70 - Using JSON encoding codec LegacyJacksonJson
2018-06-23 10:25:07,476 [main] INFO  c.n.d.p.DiscoveryJerseyProvider 71 - Using JSON decoding codec LegacyJacksonJson
2018-06-23 10:25:07,477 [main] INFO  c.n.d.p.DiscoveryJerseyProvider 80 - Using XML encoding codec XStreamXml
2018-06-23 10:25:07,480 [main] INFO  c.n.d.p.DiscoveryJerseyProvider 81 - Using XML decoding codec XStreamXml
2018-06-23 10:25:09,243 [main] INFO  c.n.eureka.cluster.PeerEurekaNodes 110 - Replica node URL:  http://192.168.43.146:8080/eureka/
2018-06-23 10:25:09,287 [main] INFO  c.n.e.r.AbstractInstanceRegistry 152 - Finished initializing remote region registries. All known remote regions: []
2018-06-23 10:25:09,290 [main] INFO  c.n.e.DefaultEurekaServerContext 66 - Initialized
2018-06-23 10:25:10,188 [main] INFO  o.s.j.e.a.AnnotationMBeanExporter 431 - Registering beans for JMX exposure on startup
2018-06-23 10:25:10,353 [main] INFO  o.s.j.e.a.AnnotationMBeanExporter 916 - Bean with name 'environmentManager' has been autodetected for JMX exposure
2018-06-23 10:25:10,396 [main] INFO  o.s.j.e.a.AnnotationMBeanExporter 916 - Bean with name 'configurationPropertiesRebinder' has been autodetected for JMX exposure
2018-06-23 10:25:10,411 [main] INFO  o.s.j.e.a.AnnotationMBeanExporter 916 - Bean with name 'refreshEndpoint' has been autodetected for JMX exposure
2018-06-23 10:25:10,415 [main] INFO  o.s.j.e.a.AnnotationMBeanExporter 916 - Bean with name 'restartEndpoint' has been autodetected for JMX exposure
2018-06-23 10:25:10,429 [main] INFO  o.s.j.e.a.AnnotationMBeanExporter 916 - Bean with name 'serviceRegistryEndpoint' has been autodetected for JMX exposure
2018-06-23 10:25:10,438 [main] INFO  o.s.j.e.a.AnnotationMBeanExporter 916 - Bean with name 'refreshScope' has been autodetected for JMX exposure
2018-06-23 10:25:10,509 [main] INFO  o.s.j.e.a.AnnotationMBeanExporter 678 - Located managed bean 'environmentManager': registering with JMX server as MBean [org.springframework.cloud.context.environment:name=environmentManager,type=EnvironmentManager]
2018-06-23 10:25:10,706 [main] INFO  o.s.j.e.a.AnnotationMBeanExporter 678 - Located managed bean 'restartEndpoint': registering with JMX server as MBean [org.springframework.cloud.context.restart:name=restartEndpoint,type=RestartEndpoint]
2018-06-23 10:25:10,818 [main] INFO  o.s.j.e.a.AnnotationMBeanExporter 678 - Located managed bean 'serviceRegistryEndpoint': registering with JMX server as MBean [org.springframework.cloud.client.serviceregistry.endpoint:name=serviceRegistryEndpoint,type=ServiceRegistryEndpoint]
2018-06-23 10:25:11,071 [main] INFO  o.s.j.e.a.AnnotationMBeanExporter 678 - Located managed bean 'refreshScope': registering with JMX server as MBean [org.springframework.cloud.context.scope.refresh:name=refreshScope,type=RefreshScope]
2018-06-23 10:25:11,174 [main] INFO  o.s.j.e.a.AnnotationMBeanExporter 678 - Located managed bean 'configurationPropertiesRebinder': registering with JMX server as MBean [org.springframework.cloud.context.properties:name=configurationPropertiesRebinder,context=75f95314,type=ConfigurationPropertiesRebinder]
2018-06-23 10:25:11,214 [main] INFO  o.s.j.e.a.AnnotationMBeanExporter 678 - Located managed bean 'refreshEndpoint': registering with JMX server as MBean [org.springframework.cloud.endpoint:name=refreshEndpoint,type=RefreshEndpoint]
2018-06-23 10:25:11,234 [main] INFO  o.s.b.a.e.jmx.EndpointMBeanExporter 431 - Registering beans for JMX exposure on startup
2018-06-23 10:25:12,619 [main] INFO  o.s.c.s.DefaultLifecycleProcessor 343 - Starting beans in phase 0
2018-06-23 10:25:12,621 [main] INFO  o.s.c.n.e.s.EurekaServiceRegistry 40 - Registering application scrcu-server with eureka with status UP
2018-06-23 10:25:12,638 [main] INFO  o.s.b.a.e.jmx.EndpointMBeanExporter 678 - Located managed bean 'auditEventsEndpoint': registering with JMX server as MBean [org.springframework.boot:type=Endpoint,name=auditEventsEndpoint]
2018-06-23 10:25:12,681 [main] INFO  o.s.b.a.e.jmx.EndpointMBeanExporter 678 - Located managed bean 'archaiusEndpoint': registering with JMX server as MBean [org.springframework.boot:type=Endpoint,name=archaiusEndpoint]
2018-06-23 10:25:12,760 [main] INFO  o.s.b.a.e.jmx.EndpointMBeanExporter 678 - Located managed bean 'featuresEndpoint': registering with JMX server as MBean [org.springframework.boot:type=Endpoint,name=featuresEndpoint]
2018-06-23 10:25:12,844 [main] INFO  o.s.b.a.e.jmx.EndpointMBeanExporter 678 - Located managed bean 'requestMappingEndpoint': registering with JMX server as MBean [org.springframework.boot:type=Endpoint,name=requestMappingEndpoint]
2018-06-23 10:25:12,854 [main] INFO  o.s.b.a.e.jmx.EndpointMBeanExporter 678 - Located managed bean 'environmentEndpoint': registering with JMX server as MBean [org.springframework.boot:type=Endpoint,name=environmentEndpoint]
2018-06-23 10:25:12,868 [main] INFO  o.s.b.a.e.jmx.EndpointMBeanExporter 678 - Located managed bean 'healthEndpoint': registering with JMX server as MBean [org.springframework.boot:type=Endpoint,name=healthEndpoint]
2018-06-23 10:25:12,883 [main] INFO  o.s.b.a.e.jmx.EndpointMBeanExporter 678 - Located managed bean 'beansEndpoint': registering with JMX server as MBean [org.springframework.boot:type=Endpoint,name=beansEndpoint]
2018-06-23 10:25:12,895 [main] INFO  o.s.b.a.e.jmx.EndpointMBeanExporter 678 - Located managed bean 'infoEndpoint': registering with JMX server as MBean [org.springframework.boot:type=Endpoint,name=infoEndpoint]
2018-06-23 10:25:12,916 [main] INFO  o.s.b.a.e.jmx.EndpointMBeanExporter 678 - Located managed bean 'loggersEndpoint': registering with JMX server as MBean [org.springframework.boot:type=Endpoint,name=loggersEndpoint]
2018-06-23 10:25:12,954 [main] INFO  o.s.b.a.e.jmx.EndpointMBeanExporter 678 - Located managed bean 'metricsEndpoint': registering with JMX server as MBean [org.springframework.boot:type=Endpoint,name=metricsEndpoint]
2018-06-23 10:25:12,968 [main] INFO  o.s.b.a.e.jmx.EndpointMBeanExporter 678 - Located managed bean 'traceEndpoint': registering with JMX server as MBean [org.springframework.boot:type=Endpoint,name=traceEndpoint]
2018-06-23 10:25:12,979 [main] INFO  o.s.b.a.e.jmx.EndpointMBeanExporter 678 - Located managed bean 'dumpEndpoint': registering with JMX server as MBean [org.springframework.boot:type=Endpoint,name=dumpEndpoint]
2018-06-23 10:25:13,000 [main] INFO  o.s.b.a.e.jmx.EndpointMBeanExporter 678 - Located managed bean 'autoConfigurationReportEndpoint': registering with JMX server as MBean [org.springframework.boot:type=Endpoint,name=autoConfigurationReportEndpoint]
2018-06-23 10:25:13,097 [main] INFO  o.s.b.a.e.jmx.EndpointMBeanExporter 678 - Located managed bean 'configurationPropertiesReportEndpoint': registering with JMX server as MBean [org.springframework.boot:type=Endpoint,name=configurationPropertiesReportEndpoint]
2018-06-23 10:25:13,129 [Thread-11] INFO  o.s.c.n.e.s.EurekaServerBootstrap 107 - Setting the eureka configuration..
2018-06-23 10:25:13,131 [Thread-11] INFO  o.s.c.n.e.s.EurekaServerBootstrap 112 - Eureka data center value eureka.datacenter is not set, defaulting to default
2018-06-23 10:25:13,133 [Thread-11] INFO  o.s.c.n.e.s.EurekaServerBootstrap 126 - Eureka environment value eureka.environment is not set, defaulting to test
2018-06-23 10:25:13,188 [Thread-11] INFO  o.s.c.n.e.s.EurekaServerBootstrap 182 - isAws returned false
2018-06-23 10:25:13,191 [Thread-11] INFO  o.s.c.n.e.s.EurekaServerBootstrap 150 - Initialized server context
2018-06-23 10:25:13,192 [Thread-11] INFO  c.n.e.r.PeerAwareInstanceRegistryImpl 242 - Got 1 instances from neighboring DS node
2018-06-23 10:25:13,193 [Thread-11] INFO  c.n.e.r.PeerAwareInstanceRegistryImpl 243 - Renew threshold is: 1
2018-06-23 10:25:13,194 [Thread-11] INFO  c.n.e.r.PeerAwareInstanceRegistryImpl 254 - Changing status to UP
2018-06-23 10:25:13,351 [Thread-11] INFO  o.s.c.n.e.s.EurekaServerInitializerConfiguration 71 - Started Eureka Server
2018-06-23 10:25:13,766 [main] INFO  o.s.b.c.e.t.TomcatEmbeddedServletContainer 201 - Tomcat started on port(s): 8080 (http)
2018-06-23 10:25:13,772 [main] INFO  o.s.c.n.e.s.EurekaAutoServiceRegistration 117 - Updating port to 8080
2018-06-23 10:25:13,790 [main] INFO  c.scrcu.SpringCloudEurekaApplication 57 - Started SpringCloudEurekaApplication in 70.147 seconds (JVM running for 73.425)
2018-06-23 10:26:13,343 [Eureka-EvictionTimer] INFO  c.n.e.r.AbstractInstanceRegistry 1254 - Running the evict task with compensationTime 0ms
2018-06-23 10:26:48,851 [http-nio-8080-exec-1] INFO  o.a.c.c.C.[Tomcat].[localhost].[/] 180 - Initializing Spring FrameworkServlet 'dispatcherServlet'
2018-06-23 10:26:48,852 [http-nio-8080-exec-1] INFO  o.s.web.servlet.DispatcherServlet 489 - FrameworkServlet 'dispatcherServlet': initialization started
2018-06-23 10:26:49,158 [http-nio-8080-exec-1] INFO  o.s.web.servlet.DispatcherServlet 508 - FrameworkServlet 'dispatcherServlet': initialization completed in 305 ms
2018-06-23 10:27:13,404 [Eureka-EvictionTimer] INFO  c.n.e.r.AbstractInstanceRegistry 1254 - Running the evict task with compensationTime 61ms
2018-06-23 10:28:13,454 [Eureka-EvictionTimer] INFO  c.n.e.r.AbstractInstanceRegistry 1254 - Running the evict task with compensationTime 49ms
2018-06-23 10:29:09,482 [http-nio-8080-exec-3] WARN  c.n.e.r.AbstractInstanceRegistry 354 - DS: Registry: lease doesn't exist, registering resource: SCRCU-ZUUL - 192.168.43.146:8090
2018-06-23 10:29:09,484 [http-nio-8080-exec-3] WARN  c.n.e.resources.InstanceResource 116 - Not Found (Renew): SCRCU-ZUUL - 192.168.43.146:8090
2018-06-23 10:29:10,134 [http-nio-8080-exec-1] INFO  c.n.e.r.AbstractInstanceRegistry 267 - Registered instance SCRCU-ZUUL/192.168.43.146:8090 with status STARTING (replication=false)
2018-06-23 10:29:12,329 [http-nio-8080-exec-2] INFO  c.n.e.r.AbstractInstanceRegistry 267 - Registered instance SCRCU-ZUUL/192.168.43.146:8090 with status STARTING (replication=false)
2018-06-23 10:29:13,516 [Eureka-EvictionTimer] INFO  c.n.e.r.AbstractInstanceRegistry 1254 - Running the evict task with compensationTime 61ms
2018-06-23 10:29:15,250 [TaskBatchingWorker-target_192.168.43.146-13] WARN  c.n.e.util.batcher.TaskExecutors 196 - Discarding 1 tasks of TaskBatchingWorker-target_192.168.43.146-13 due to permanent error
2018-06-23 10:29:16,581 [TaskBatchingWorker-target_192.168.43.146-16] WARN  c.n.e.util.batcher.TaskExecutors 196 - Discarding 1 tasks of TaskBatchingWorker-target_192.168.43.146-16 due to permanent error
2018-06-23 10:29:33,622 [http-nio-8080-exec-10] INFO  c.n.e.r.AbstractInstanceRegistry 267 - Registered instance SCRCU-ZUUL/192.168.43.146:8090 with status UP (replication=false)
2018-06-23 10:29:34,176 [TaskBatchingWorker-target_192.168.43.146-16] WARN  c.n.e.util.batcher.TaskExecutors 196 - Discarding 1 tasks of TaskBatchingWorker-target_192.168.43.146-16 due to permanent error
2018-06-23 10:30:07,859 [TaskBatchingWorker-target_192.168.43.146-3] WARN  c.n.e.util.batcher.TaskExecutors 196 - Discarding 1 tasks of TaskBatchingWorker-target_192.168.43.146-3 due to permanent error
2018-06-23 10:30:13,522 [Eureka-EvictionTimer] INFO  c.n.e.r.AbstractInstanceRegistry 1254 - Running the evict task with compensationTime 4ms
2018-06-23 10:30:37,868 [TaskBatchingWorker-target_192.168.43.146-3] WARN  c.n.e.util.batcher.TaskExecutors 196 - Discarding 1 tasks of TaskBatchingWorker-target_192.168.43.146-3 due to permanent error
2018-06-23 10:31:07,898 [TaskBatchingWorker-target_192.168.43.146-11] WARN  c.n.e.util.batcher.TaskExecutors 196 - Discarding 1 tasks of TaskBatchingWorker-target_192.168.43.146-11 due to permanent error
2018-06-23 10:31:13,522 [Eureka-EvictionTimer] INFO  c.n.e.r.AbstractInstanceRegistry 1254 - Running the evict task with compensationTime 0ms
2018-06-23 10:31:37,927 [TaskBatchingWorker-target_192.168.43.146-19] WARN  c.n.e.util.batcher.TaskExecutors 196 - Discarding 1 tasks of TaskBatchingWorker-target_192.168.43.146-19 due to permanent error
2018-06-23 10:32:07,958 [TaskBatchingWorker-target_192.168.43.146-15] WARN  c.n.e.util.batcher.TaskExecutors 196 - Discarding 1 tasks of TaskBatchingWorker-target_192.168.43.146-15 due to permanent error
2018-06-23 10:32:13,523 [Eureka-EvictionTimer] INFO  c.n.e.r.AbstractInstanceRegistry 1254 - Running the evict task with compensationTime 0ms
2018-06-23 10:32:37,982 [TaskBatchingWorker-target_192.168.43.146-7] WARN  c.n.e.util.batcher.TaskExecutors 196 - Discarding 1 tasks of TaskBatchingWorker-target_192.168.43.146-7 due to permanent error
2018-06-23 10:33:08,041 [TaskBatchingWorker-target_192.168.43.146-15] WARN  c.n.e.util.batcher.TaskExecutors 196 - Discarding 1 tasks of TaskBatchingWorker-target_192.168.43.146-15 due to permanent error
2018-06-23 10:33:13,523 [Eureka-EvictionTimer] INFO  c.n.e.r.AbstractInstanceRegistry 1254 - Running the evict task with compensationTime 0ms
2018-06-23 10:33:38,128 [TaskBatchingWorker-target_192.168.43.146-15] WARN  c.n.e.util.batcher.TaskExecutors 196 - Discarding 1 tasks of TaskBatchingWorker-target_192.168.43.146-15 due to permanent error
2018-06-23 10:34:08,306 [TaskBatchingWorker-target_192.168.43.146-7] WARN  c.n.e.util.batcher.TaskExecutors 196 - Discarding 1 tasks of TaskBatchingWorker-target_192.168.43.146-7 due to permanent error
2018-06-23 10:34:13,524 [Eureka-EvictionTimer] INFO  c.n.e.r.AbstractInstanceRegistry 1254 - Running the evict task with compensationTime 0ms
2018-06-23 10:34:38,279 [TaskBatchingWorker-target_192.168.43.146-7] WARN  c.n.e.util.batcher.TaskExecutors 196 - Discarding 1 tasks of TaskBatchingWorker-target_192.168.43.146-7 due to permanent error
2018-06-23 10:35:08,354 [TaskBatchingWorker-target_192.168.43.146-6] WARN  c.n.e.util.batcher.TaskExecutors 196 - Discarding 1 tasks of TaskBatchingWorker-target_192.168.43.146-6 due to permanent error
2018-06-23 10:35:13,524 [Eureka-EvictionTimer] INFO  c.n.e.r.AbstractInstanceRegistry 1254 - Running the evict task with compensationTime 0ms
2018-06-23 10:35:38,453 [TaskBatchingWorker-target_192.168.43.146-14] WARN  c.n.e.util.batcher.TaskExecutors 196 - Discarding 1 tasks of TaskBatchingWorker-target_192.168.43.146-14 due to permanent error
